# JRE version: OpenJDK Runtime Environment (8.0_152-b01) (build 1.8.0_152-release-884-b01)
# Java VM: OpenJDK 64-Bit Server VM (25.152-b01 mixed mode linux-amd64 compressed oops)
Heap:
 PSYoungGen      total 315904K, used 313238K [0x00000000e0000000, 0x00000000f7900000, 0x0000000100000000)
  eden space 307200K, 99% used [0x00000000e0000000,0x00000000f29982b8,0x00000000f2c00000)
  from space 8704K, 97% used [0x00000000f5c80000,0x00000000f64cd6d0,0x00000000f6500000)
  to   space 19456K, 0% used [0x00000000f6600000,0x00000000f6600000,0x00000000f7900000)
 ParOldGen       total 120320K, used 55129K [0x00000000a0000000, 0x00000000a7580000, 0x00000000e0000000)
  object space 120320K, 45% used [0x00000000a0000000,0x00000000a35d6490,0x00000000a7580000)
 Metaspace       used 79913K, capacity 86144K, committed 86232K, reserved 1124352K
  class space    used 10305K, capacity 11737K, committed 11776K, reserved 1048576K
GC Heap History (10 events):
Event: 550.834 GC heap before
{Heap before GC invocations=22 (full 3):
 PSYoungGen      total 320000K, used 317393K [0x00000000e0000000, 0x00000000f5400000, 0x0000000100000000)
  eden space 302080K, 100% used [0x00000000e0000000,0x00000000f2700000,0x00000000f2700000)
  from space 17920K, 85% used [0x00000000f4280000,0x00000000f5174630,0x00000000f5400000)
  to   space 23040K, 0% used [0x00000000f2700000,0x00000000f2700000,0x00000000f3d80000)
 ParOldGen       total 120320K, used 55089K [0x00000000a0000000, 0x00000000a7580000, 0x00000000e0000000)
  object space 120320K, 45% used [0x00000000a0000000,0x00000000a35cc490,0x00000000a7580000)
 Metaspace       used 76137K, capacity 80680K, committed 80856K, reserved 1120256K
  class space    used 9826K, capacity 10905K, committed 11008K, reserved 1048576K
Event: 550.978 GC heap after
Heap after GC invocations=22 (full 3):
 PSYoungGen      total 325120K, used 9010K [0x00000000e0000000, 0x00000000f7100000, 0x0000000100000000)
  eden space 302080K, 0% used [0x00000000e0000000,0x00000000e0000000,0x00000000f2700000)
  from space 23040K, 39% used [0x00000000f2700000,0x00000000f2fccba0,0x00000000f3d80000)
  to   space 22016K, 0% used [0x00000000f5b80000,0x00000000f5b80000,0x00000000f7100000)
 ParOldGen       total 120320K, used 55097K [0x00000000a0000000, 0x00000000a7580000, 0x00000000e0000000)
  object space 120320K, 45% used [0x00000000a0000000,0x00000000a35ce490,0x00000000a7580000)
 Metaspace       used 76137K, capacity 80680K, committed 80856K, reserved 1120256K
  class space    used 9826K, capacity 10905K, committed 11008K, reserved 1048576K
}
Event: 558.707 GC heap before
{Heap before GC invocations=23 (full 3):
 PSYoungGen      total 325120K, used 311090K [0x00000000e0000000, 0x00000000f7100000, 0x0000000100000000)
  eden space 302080K, 100% used [0x00000000e0000000,0x00000000f2700000,0x00000000f2700000)
  from space 23040K, 39% used [0x00000000f2700000,0x00000000f2fccba0,0x00000000f3d80000)
  to   space 22016K, 0% used [0x00000000f5b80000,0x00000000f5b80000,0x00000000f7100000)
 ParOldGen       total 120320K, used 55097K [0x00000000a0000000, 0x00000000a7580000, 0x00000000e0000000)
  object space 120320K, 45% used [0x00000000a0000000,0x00000000a35ce490,0x00000000a7580000)
 Metaspace       used 76399K, capacity 80982K, committed 81112K, reserved 1120256K
  class space    used 9835K, capacity 10922K, committed 11008K, reserved 1048576K
Event: 558.801 GC heap after
Heap after GC invocations=23 (full 3):
 PSYoungGen      total 355840K, used 12562K [0x00000000e0000000, 0x00000000f7380000, 0x0000000100000000)
  eden space 333824K, 0% used [0x00000000e0000000,0x00000000e0000000,0x00000000f4600000)
  from space 22016K, 57% used [0x00000000f5b80000,0x00000000f67c4b18,0x00000000f7100000)
  to   space 22016K, 0% used [0x00000000f4600000,0x00000000f4600000,0x00000000f5b80000)
 ParOldGen       total 120320K, used 55105K [0x00000000a0000000, 0x00000000a7580000, 0x00000000e0000000)
  object space 120320K, 45% used [0x00000000a0000000,0x00000000a35d0490,0x00000000a7580000)
 Metaspace       used 76399K, capacity 80982K, committed 81112K, reserved 1120256K
  class space    used 9835K, capacity 10922K, committed 11008K, reserved 1048576K
}
Event: 888.135 GC heap before
{Heap before GC invocations=24 (full 3):
 PSYoungGen      total 355840K, used 346386K [0x00000000e0000000, 0x00000000f7380000, 0x0000000100000000)
  eden space 333824K, 100% used [0x00000000e0000000,0x00000000f4600000,0x00000000f4600000)
  from space 22016K, 57% used [0x00000000f5b80000,0x00000000f67c4b18,0x00000000f7100000)
  to   space 22016K, 0% used [0x00000000f4600000,0x00000000f4600000,0x00000000f5b80000)
 ParOldGen       total 120320K, used 55105K [0x00000000a0000000, 0x00000000a7580000, 0x00000000e0000000)
  object space 120320K, 45% used [0x00000000a0000000,0x00000000a35d0490,0x00000000a7580000)
 Metaspace       used 77367K, capacity 82660K, committed 82904K, reserved 1120256K
  class space    used 9947K, capacity 11180K, committed 11264K, reserved 1048576K
Event: 888.214 GC heap after
Heap after GC invocations=24 (full 3):
 PSYoungGen      total 355840K, used 8932K [0x00000000e0000000, 0x00000000f8d00000, 0x0000000100000000)
  eden space 333824K, 0% used [0x00000000e0000000,0x00000000e0000000,0x00000000f4600000)
  from space 22016K, 40% used [0x00000000f4600000,0x00000000f4eb9110,0x00000000f5b80000)
  to   space 20992K, 0% used [0x00000000f7880000,0x00000000f7880000,0x00000000f8d00000)
 ParOldGen       total 120320K, used 55113K [0x00000000a0000000, 0x00000000a7580000, 0x00000000e0000000)
  object space 120320K, 45% used [0x00000000a0000000,0x00000000a35d2490,0x00000000a7580000)
 Metaspace       used 77367K, capacity 82660K, committed 82904K, reserved 1120256K
  class space    used 9947K, capacity 11180K, committed 11264K, reserved 1048576K
}
Event: 3067.344 GC heap before
{Heap before GC invocations=25 (full 3):
 PSYoungGen      total 355840K, used 342756K [0x00000000e0000000, 0x00000000f8d00000, 0x0000000100000000)
  eden space 333824K, 100% used [0x00000000e0000000,0x00000000f4600000,0x00000000f4600000)
  from space 22016K, 40% used [0x00000000f4600000,0x00000000f4eb9110,0x00000000f5b80000)
  to   space 20992K, 0% used [0x00000000f7880000,0x00000000f7880000,0x00000000f8d00000)
 ParOldGen       total 120320K, used 55113K [0x00000000a0000000, 0x00000000a7580000, 0x00000000e0000000)
  object space 120320K, 45% used [0x00000000a0000000,0x00000000a35d2490,0x00000000a7580000)
 Metaspace       used 77997K, capacity 83960K, committed 84184K, reserved 1122304K
  class space    used 10033K, capacity 11415K, committed 11520K, reserved 1048576K
Event: 3067.520 GC heap after
Heap after GC invocations=25 (full 3):
 PSYoungGen      total 331264K, used 10933K [0x00000000e0000000, 0x00000000f8380000, 0x0000000100000000)
  eden space 320000K, 0% used [0x00000000e0000000,0x00000000e0000000,0x00000000f3880000)
  from space 11264K, 97% used [0x00000000f7880000,0x00000000f832d6b0,0x00000000f8380000)
  to   space 19968K, 0% used [0x00000000f5c80000,0x00000000f5c80000,0x00000000f7000000)
 ParOldGen       total 120320K, used 55121K [0x00000000a0000000, 0x00000000a7580000, 0x00000000e0000000)
  object space 120320K, 45% used [0x00000000a0000000,0x00000000a35d4490,0x00000000a7580000)
 Metaspace       used 77997K, capacity 83960K, committed 84184K, reserved 1122304K
  class space    used 10033K, capacity 11415K, committed 11520K, reserved 1048576K
}
Event: 6196.467 GC heap before
{Heap before GC invocations=26 (full 3):
 PSYoungGen      total 331264K, used 330933K [0x00000000e0000000, 0x00000000f8380000, 0x0000000100000000)
  eden space 320000K, 100% used [0x00000000e0000000,0x00000000f3880000,0x00000000f3880000)
  from space 11264K, 97% used [0x00000000f7880000,0x00000000f832d6b0,0x00000000f8380000)
  to   space 19968K, 0% used [0x00000000f5c80000,0x00000000f5c80000,0x00000000f7000000)
 ParOldGen       total 120320K, used 55121K [0x00000000a0000000, 0x00000000a7580000, 0x00000000e0000000)
  object space 120320K, 45% used [0x00000000a0000000,0x00000000a35d4490,0x00000000a7580000)
 Metaspace       used 78150K, capacity 84088K, committed 84440K, reserved 1122304K
  class space    used 10034K, capacity 11415K, committed 11520K, reserved 1048576K
Event: 6196.498 GC heap after
Heap after GC invocations=26 (full 3):
 PSYoungGen      total 315904K, used 8501K [0x00000000e0000000, 0x00000000f7900000, 0x0000000100000000)
  eden space 307200K, 0% used [0x00000000e0000000,0x00000000e0000000,0x00000000f2c00000)
  from space 8704K, 97% used [0x00000000f5c80000,0x00000000f64cd6d0,0x00000000f6500000)
  to   space 19456K, 0% used [0x00000000f6600000,0x00000000f6600000,0x00000000f7900000)
 ParOldGen       total 120320K, used 55129K [0x00000000a0000000, 0x00000000a7580000, 0x00000000e0000000)
  object space 120320K, 45% used [0x00000000a0000000,0x00000000a35d6490,0x00000000a7580000)
 Metaspace       used 78150K, capacity 84088K, committed 84440K, reserved 1122304K
  class space    used 10034K, capacity 11415K, committed 11520K, reserved 1048576K
}

